[0.020s] Invoking command in '/home/cao/ros2ws/build/hapthexa_main': CMAKE_PREFIX_PATH=/home/cao/ros2ws/install/hapthexa_msgs:/home/cao/ros2ws/install/hapthexa_main:/home/cao/ros2ws/install/hapthexa_dxl_servo:/opt/ros/jazzy/opt/gz_math_vendor:/opt/ros/jazzy/opt/gz_utils_vendor:/opt/ros/jazzy/opt/gz_cmake_vendor:/opt/ros/jazzy DEBUGINFOD_URLS=https://debuginfod.ubuntu.com /usr/bin/cmake --build /home/cao/ros2ws/build/hapthexa_main -- -j4 -l4
[0.185s] [ 50%] [32mBuilding CXX object CMakeFiles/hapthexa_leg.dir/src/hapthexa_leg.cpp.o[0m
[9.783s] [01m[K/home/cao/ros2ws/src/hapthexa_main/src/hapthexa_leg.cpp:[m[K In member function â€˜[01m[Kvoid HaptHexaLeg::[01;32m[Kspin[m[K()[m[Kâ€™:
[9.783s] [01m[K/home/cao/ros2ws/src/hapthexa_main/src/hapthexa_leg.cpp:284:46:[m[K [01;31m[Kerror: [m[Kâ€˜[01m[Kgoal_handle[m[Kâ€™ was not declared in this scope
[9.783s]   284 |                     publish_args_by_position([01;31m[Kgoal_handle[m[K->get_goal()->x, goal_handle->get_goal()->y, goal_handle->get_goal()->z);
[9.784s]       |                                              [01;31m[K^~~~~~~~~~~[m[K
[20.196s] gmake[2]: *** [CMakeFiles/hapthexa_leg.dir/build.make:76: CMakeFiles/hapthexa_leg.dir/src/hapthexa_leg.cpp.o] Error 1
[20.196s] gmake[1]: *** [CMakeFiles/Makefile2:137: CMakeFiles/hapthexa_leg.dir/all] Error 2
[20.196s] gmake: *** [Makefile:146: all] Error 2
[20.199s] Invoked command in '/home/cao/ros2ws/build/hapthexa_main' returned '2': CMAKE_PREFIX_PATH=/home/cao/ros2ws/install/hapthexa_msgs:/home/cao/ros2ws/install/hapthexa_main:/home/cao/ros2ws/install/hapthexa_dxl_servo:/opt/ros/jazzy/opt/gz_math_vendor:/opt/ros/jazzy/opt/gz_utils_vendor:/opt/ros/jazzy/opt/gz_cmake_vendor:/opt/ros/jazzy DEBUGINFOD_URLS=https://debuginfod.ubuntu.com /usr/bin/cmake --build /home/cao/ros2ws/build/hapthexa_main -- -j4 -l4
