[01m[K/home/cao/ros2ws/src/hapthexa_main/src/hapthexa_leg.cpp:[m[K In member function â€˜[01m[Kvoid HaptHexaLeg::[01;32m[Kspin[m[K()[m[Kâ€™:
[01m[K/home/cao/ros2ws/src/hapthexa_main/src/hapthexa_leg.cpp:149:42:[m[K [01;31m[Kerror: [m[Kexpected initializer before â€˜[01m[K<<[m[Kâ€™ token
  149 |             Eigen::Vector3d now_position [01;31m[K<<[m[K present_leg_position_.x, present_leg_position_.y, present_leg_position_.z;
      |                                          [01;31m[K^~[m[K
[01m[K/home/cao/ros2ws/src/hapthexa_main/src/hapthexa_leg.cpp:150:57:[m[K [01;31m[Kerror: [m[Kâ€˜[01m[Know_position[m[Kâ€™ was not declared in this scope
  150 |             Eigen::Vector3d diff = move_leg_goal_xyz_ - [01;31m[Know_position[m[K;
      |                                                         [01;31m[K^~~~~~~~~~~~[m[K
gmake[2]: *** [CMakeFiles/hapthexa_leg.dir/build.make:76: CMakeFiles/hapthexa_leg.dir/src/hapthexa_leg.cpp.o] Error 1
gmake[1]: *** [CMakeFiles/Makefile2:137: CMakeFiles/hapthexa_leg.dir/all] Error 2
gmake: *** [Makefile:146: all] Error 2
