[0.017s] Invoking command in '/home/cao/ros2ws/build/hapthexa_ode_simulator': AMENT_PREFIX_PATH=/home/cao/ros2ws/install/hapthexa_msgs:${AMENT_PREFIX_PATH} CMAKE_PREFIX_PATH=/home/cao/ros2ws/install/hapthexa_msgs:/opt/ros/jazzy/opt/gz_math_vendor:/opt/ros/jazzy/opt/gz_utils_vendor:/opt/ros/jazzy/opt/gz_cmake_vendor:/opt/ros/jazzy DEBUGINFOD_URLS=https://debuginfod.ubuntu.com LD_LIBRARY_PATH=/home/cao/ros2ws/install/hapthexa_msgs/lib:${LD_LIBRARY_PATH} PYTHONPATH=/home/cao/ros2ws/install/hapthexa_msgs/lib/python3.12/site-packages:${PYTHONPATH} /usr/bin/cmake /home/cao/ros2ws/src/hapthexa_ode_simulator -DCMAKE_INSTALL_PREFIX=/home/cao/ros2ws/install/hapthexa_ode_simulator
[0.152s] -- The C compiler identification is GNU 13.2.0
[0.295s] -- The CXX compiler identification is GNU 13.2.0
[0.325s] -- Detecting C compiler ABI info
[0.525s] -- Detecting C compiler ABI info - done
[0.541s] -- Check for working C compiler: /usr/bin/cc - skipped
[0.542s] -- Detecting C compile features
[0.542s] -- Detecting C compile features - done
[0.557s] -- Detecting CXX compiler ABI info
[0.780s] -- Detecting CXX compiler ABI info - done
[0.796s] -- Check for working CXX compiler: /usr/bin/c++ - skipped
[0.796s] -- Detecting CXX compile features
[0.798s] -- Detecting CXX compile features - done
[0.898s] -- Found OpenSSL: /usr/lib/aarch64-linux-gnu/libcrypto.so (found version "3.0.13")  
[0.901s] -- Found ament_cmake: 2.5.2 (/opt/ros/jazzy/share/ament_cmake/cmake)
[1.205s] -- Found Python3: /usr/bin/python3 (found version "3.12.3") found components: Interpreter 
[1.415s] -- Found rclcpp: 28.1.5 (/opt/ros/jazzy/share/rclcpp/cmake)
[1.463s] -- Found rosidl_generator_c: 4.6.4 (/opt/ros/jazzy/share/rosidl_generator_c/cmake)
[1.483s] -- Found rosidl_generator_cpp: 4.6.4 (/opt/ros/jazzy/share/rosidl_generator_cpp/cmake)
[1.506s] -- Using all available rosidl_typesupport_c: rosidl_typesupport_fastrtps_c;rosidl_typesupport_introspection_c
[1.531s] -- Using all available rosidl_typesupport_cpp: rosidl_typesupport_fastrtps_cpp;rosidl_typesupport_introspection_cpp
[1.637s] -- Found rmw_implementation_cmake: 7.3.1 (/opt/ros/jazzy/share/rmw_implementation_cmake/cmake)
[1.641s] -- Found rmw_fastrtps_cpp: 8.4.1 (/opt/ros/jazzy/share/rmw_fastrtps_cpp/cmake)
[1.718s] -- Found FastRTPS: /opt/ros/jazzy/include (Required is at least version "2.13") 
[1.756s] -- Using RMW implementation 'rmw_fastrtps_cpp' as default
[1.872s] -- Found rclcpp_action: 28.1.5 (/opt/ros/jazzy/share/rclcpp_action/cmake)
[1.920s] -- Found hapthexa_msgs: 0.0.0 (/home/cao/ros2ws/install/hapthexa_msgs/share/hapthexa_msgs/cmake)
[1.953s] -- Found ament_lint_auto: 0.17.1 (/opt/ros/jazzy/share/ament_lint_auto/cmake)
[2.195s] -- Added test 'copyright' to check source files copyright and LICENSE
[2.198s] -- Added test 'cppcheck' to perform static code analysis on C / C++ code
[2.198s] -- Configured cppcheck include dirs: $<BUILD_INTERFACE:/home/cao/ros2ws/src/hapthexa_ode_simulator/include>
[2.198s] -- Configured cppcheck exclude dirs and/or files: 
[2.201s] -- Added test 'cpplint' to check C / C++ code against the Google style
[2.201s] -- Configured cpplint exclude dirs and/or files: 
[2.202s] -- Added test 'lint_cmake' to check CMake code style
[2.205s] -- Added test 'uncrustify' to check C / C++ code style
[2.205s] -- Configured uncrustify additional arguments: 
[2.206s] -- Added test 'xmllint' to check XML markup files
[2.211s] -- Configuring done (2.2s)
[2.231s] -- Generating done (0.0s)
[2.236s] -- Build files have been written to: /home/cao/ros2ws/build/hapthexa_ode_simulator
[2.264s] Invoked command in '/home/cao/ros2ws/build/hapthexa_ode_simulator' returned '0': AMENT_PREFIX_PATH=/home/cao/ros2ws/install/hapthexa_msgs:${AMENT_PREFIX_PATH} CMAKE_PREFIX_PATH=/home/cao/ros2ws/install/hapthexa_msgs:/opt/ros/jazzy/opt/gz_math_vendor:/opt/ros/jazzy/opt/gz_utils_vendor:/opt/ros/jazzy/opt/gz_cmake_vendor:/opt/ros/jazzy DEBUGINFOD_URLS=https://debuginfod.ubuntu.com LD_LIBRARY_PATH=/home/cao/ros2ws/install/hapthexa_msgs/lib:${LD_LIBRARY_PATH} PYTHONPATH=/home/cao/ros2ws/install/hapthexa_msgs/lib/python3.12/site-packages:${PYTHONPATH} /usr/bin/cmake /home/cao/ros2ws/src/hapthexa_ode_simulator -DCMAKE_INSTALL_PREFIX=/home/cao/ros2ws/install/hapthexa_ode_simulator
[2.266s] Invoking command in '/home/cao/ros2ws/build/hapthexa_ode_simulator': AMENT_PREFIX_PATH=/home/cao/ros2ws/install/hapthexa_msgs:${AMENT_PREFIX_PATH} CMAKE_PREFIX_PATH=/home/cao/ros2ws/install/hapthexa_msgs:/opt/ros/jazzy/opt/gz_math_vendor:/opt/ros/jazzy/opt/gz_utils_vendor:/opt/ros/jazzy/opt/gz_cmake_vendor:/opt/ros/jazzy DEBUGINFOD_URLS=https://debuginfod.ubuntu.com LD_LIBRARY_PATH=/home/cao/ros2ws/install/hapthexa_msgs/lib:${LD_LIBRARY_PATH} PYTHONPATH=/home/cao/ros2ws/install/hapthexa_msgs/lib/python3.12/site-packages:${PYTHONPATH} /usr/bin/cmake --build /home/cao/ros2ws/build/hapthexa_ode_simulator -- -j4 -l4
[2.423s] [ 33%] [32mBuilding CXX object CMakeFiles/hapthexa_sim.dir/src/hapthexa_sim.cpp.o[0m
[2.440s] [ 66%] [32mBuilding CXX object CMakeFiles/hapthexa_sim.dir/src/ODE.cpp.o[0m
[2.471s] In file included from [01m[K/home/cao/ros2ws/src/hapthexa_ode_simulator/src/ODE.cpp:2[m[K:
[2.471s] [01m[K/home/cao/ros2ws/src/hapthexa_ode_simulator/include/ODE.h:4:10:[m[K [01;31m[Kfatal error: [m[Kode/ode.h: No such file or directory
[2.471s]     4 | #include [01;31m[K<ode/ode.h>[m[K
[2.471s]       |          [01;31m[K^~~~~~~~~~~[m[K
[2.472s] compilation terminated.
[2.472s] gmake[2]: *** [CMakeFiles/hapthexa_sim.dir/build.make:90: CMakeFiles/hapthexa_sim.dir/src/ODE.cpp.o] Error 1
[2.472s] gmake[2]: *** Waiting for unfinished jobs....
[2.834s] In file included from [01m[K/home/cao/ros2ws/src/hapthexa_ode_simulator/src/hapthexa_sim.cpp:10[m[K:
[2.834s] [01m[K/home/cao/ros2ws/src/hapthexa_ode_simulator/include/ODE.h:4:10:[m[K [01;31m[Kfatal error: [m[Kode/ode.h: No such file or directory
[2.834s]     4 | #include [01;31m[K<ode/ode.h>[m[K
[2.834s]       |          [01;31m[K^~~~~~~~~~~[m[K
[2.834s] compilation terminated.
[2.841s] gmake[2]: *** [CMakeFiles/hapthexa_sim.dir/build.make:76: CMakeFiles/hapthexa_sim.dir/src/hapthexa_sim.cpp.o] Error 1
[2.841s] gmake[1]: *** [CMakeFiles/Makefile2:137: CMakeFiles/hapthexa_sim.dir/all] Error 2
[2.842s] gmake: *** [Makefile:146: all] Error 2
