[0.017s] Invoking command in '/home/cao/ros2ws/build/hapthexa_dxl_servo': AMENT_PREFIX_PATH=/home/cao/ros2ws/install/hapthexa_msgs:${AMENT_PREFIX_PATH} CMAKE_PREFIX_PATH=/home/cao/ros2ws/install/hapthexa_msgs:/opt/ros/jazzy/opt/gz_math_vendor:/opt/ros/jazzy/opt/gz_utils_vendor:/opt/ros/jazzy/opt/gz_cmake_vendor:/opt/ros/jazzy DEBUGINFOD_URLS=https://debuginfod.ubuntu.com LD_LIBRARY_PATH=/home/cao/ros2ws/install/hapthexa_msgs/lib:${LD_LIBRARY_PATH} PYTHONPATH=/home/cao/ros2ws/install/hapthexa_msgs/lib/python3.12/site-packages:${PYTHONPATH} /usr/bin/cmake /home/cao/ros2ws/src/hapthexa_dxl_servo -DCMAKE_INSTALL_PREFIX=/home/cao/ros2ws/install/hapthexa_dxl_servo
[0.156s] -- The C compiler identification is GNU 13.2.0
[0.299s] -- The CXX compiler identification is GNU 13.2.0
[0.327s] -- Detecting C compiler ABI info
[0.526s] -- Detecting C compiler ABI info - done
[0.541s] -- Check for working C compiler: /usr/bin/cc - skipped
[0.541s] -- Detecting C compile features
[0.541s] -- Detecting C compile features - done
[0.556s] -- Detecting CXX compiler ABI info
[0.775s] -- Detecting CXX compiler ABI info - done
[0.791s] -- Check for working CXX compiler: /usr/bin/c++ - skipped
[0.791s] -- Detecting CXX compile features
[0.792s] -- Detecting CXX compile features - done
[0.894s] -- Found OpenSSL: /usr/lib/aarch64-linux-gnu/libcrypto.so (found version "3.0.13")  
[0.898s] -- Found ament_cmake: 2.5.2 (/opt/ros/jazzy/share/ament_cmake/cmake)
[1.189s] -- Found Python3: /usr/bin/python3 (found version "3.12.3") found components: Interpreter 
[1.393s] -- Found rclcpp: 28.1.5 (/opt/ros/jazzy/share/rclcpp/cmake)
[1.442s] -- Found rosidl_generator_c: 4.6.4 (/opt/ros/jazzy/share/rosidl_generator_c/cmake)
[1.461s] -- Found rosidl_generator_cpp: 4.6.4 (/opt/ros/jazzy/share/rosidl_generator_cpp/cmake)
[1.484s] -- Using all available rosidl_typesupport_c: rosidl_typesupport_fastrtps_c;rosidl_typesupport_introspection_c
[1.509s] -- Using all available rosidl_typesupport_cpp: rosidl_typesupport_fastrtps_cpp;rosidl_typesupport_introspection_cpp
[1.613s] -- Found rmw_implementation_cmake: 7.3.1 (/opt/ros/jazzy/share/rmw_implementation_cmake/cmake)
[1.617s] -- Found rmw_fastrtps_cpp: 8.4.1 (/opt/ros/jazzy/share/rmw_fastrtps_cpp/cmake)
[1.689s] -- Found FastRTPS: /opt/ros/jazzy/include (Required is at least version "2.13") 
[1.728s] -- Using RMW implementation 'rmw_fastrtps_cpp' as default
[1.827s] -- Found rclcpp_action: 28.1.5 (/opt/ros/jazzy/share/rclcpp_action/cmake)
[1.887s] -- Found hapthexa_msgs: 0.0.0 (/home/cao/ros2ws/install/hapthexa_msgs/share/hapthexa_msgs/cmake)
[1.917s] -- Found ament_lint_auto: 0.17.1 (/opt/ros/jazzy/share/ament_lint_auto/cmake)
[2.151s] -- Added test 'copyright' to check source files copyright and LICENSE
[2.154s] -- Added test 'cppcheck' to perform static code analysis on C / C++ code
[2.155s] -- Configured cppcheck include dirs: $<BUILD_INTERFACE:/home/cao/ros2ws/src/hapthexa_dxl_servo/include>
[2.155s] -- Configured cppcheck exclude dirs and/or files: 
[2.157s] -- Added test 'cpplint' to check C / C++ code against the Google style
[2.158s] -- Configured cpplint exclude dirs and/or files: 
[2.158s] -- Added test 'flake8' to check Python code syntax and style conventions
[2.159s] -- Configured 'flake8' exclude dirs and/or files: 
[2.160s] -- Added test 'lint_cmake' to check CMake code style
[2.161s] -- Added test 'pep257' to check Python code against some of the docstring style conventions in PEP 257
[2.165s] -- Added test 'uncrustify' to check C / C++ code style
[2.165s] -- Configured uncrustify additional arguments: 
[2.165s] -- Added test 'xmllint' to check XML markup files
[2.169s] -- Configuring done (2.1s)
[2.189s] -- Generating done (0.0s)
[2.191s] -- Build files have been written to: /home/cao/ros2ws/build/hapthexa_dxl_servo
[2.223s] Invoked command in '/home/cao/ros2ws/build/hapthexa_dxl_servo' returned '0': AMENT_PREFIX_PATH=/home/cao/ros2ws/install/hapthexa_msgs:${AMENT_PREFIX_PATH} CMAKE_PREFIX_PATH=/home/cao/ros2ws/install/hapthexa_msgs:/opt/ros/jazzy/opt/gz_math_vendor:/opt/ros/jazzy/opt/gz_utils_vendor:/opt/ros/jazzy/opt/gz_cmake_vendor:/opt/ros/jazzy DEBUGINFOD_URLS=https://debuginfod.ubuntu.com LD_LIBRARY_PATH=/home/cao/ros2ws/install/hapthexa_msgs/lib:${LD_LIBRARY_PATH} PYTHONPATH=/home/cao/ros2ws/install/hapthexa_msgs/lib/python3.12/site-packages:${PYTHONPATH} /usr/bin/cmake /home/cao/ros2ws/src/hapthexa_dxl_servo -DCMAKE_INSTALL_PREFIX=/home/cao/ros2ws/install/hapthexa_dxl_servo
[2.226s] Invoking command in '/home/cao/ros2ws/build/hapthexa_dxl_servo': AMENT_PREFIX_PATH=/home/cao/ros2ws/install/hapthexa_msgs:${AMENT_PREFIX_PATH} CMAKE_PREFIX_PATH=/home/cao/ros2ws/install/hapthexa_msgs:/opt/ros/jazzy/opt/gz_math_vendor:/opt/ros/jazzy/opt/gz_utils_vendor:/opt/ros/jazzy/opt/gz_cmake_vendor:/opt/ros/jazzy DEBUGINFOD_URLS=https://debuginfod.ubuntu.com LD_LIBRARY_PATH=/home/cao/ros2ws/install/hapthexa_msgs/lib:${LD_LIBRARY_PATH} PYTHONPATH=/home/cao/ros2ws/install/hapthexa_msgs/lib/python3.12/site-packages:${PYTHONPATH} /usr/bin/cmake --build /home/cao/ros2ws/build/hapthexa_dxl_servo -- -j4 -l4
[2.336s] [ 14%] [32mBuilding CXX object CMakeFiles/dynamixel_workbench.dir/dynamixel_workbench_toolbox/dynamixel_tool.cpp.o[0m
[2.341s] [ 28%] [32mBuilding CXX object CMakeFiles/dynamixel_workbench.dir/dynamixel_workbench_toolbox/dynamixel_driver.cpp.o[0m
[2.347s] [ 42%] [32mBuilding CXX object CMakeFiles/dynamixel_workbench.dir/dynamixel_workbench_toolbox/dynamixel_item.cpp.o[0m
[2.348s] [ 57%] [32mBuilding CXX object CMakeFiles/dynamixel_workbench.dir/dynamixel_workbench_toolbox/dynamixel_workbench.cpp.o[0m
[2.384s] In file included from [01m[K/home/cao/ros2ws/src/hapthexa_dxl_servo/dynamixel_workbench_toolbox/dynamixel_driver.cpp:19[m[K:
[2.385s] [01m[K/home/cao/ros2ws/src/hapthexa_dxl_servo/dynamixel_workbench_toolbox/../include/dynamixel_workbench_toolbox/dynamixel_driver.h:29:12:[m[K [01;31m[Kfatal error: [m[Kdynamixel_sdk/dynamixel_sdk.h: No such file or directory
[2.385s]    29 |   #include [01;31m[K"dynamixel_sdk/dynamixel_sdk.h"[m[K
[2.385s]       |            [01;31m[K^~~~~~~~~~~~~~~~~~~~~~~~~~~~~~~[m[K
[2.385s] compilation terminated.
[2.387s] gmake[2]: *** [CMakeFiles/dynamixel_workbench.dir/build.make:90: CMakeFiles/dynamixel_workbench.dir/dynamixel_workbench_toolbox/dynamixel_driver.cpp.o] Error 1
[2.389s] gmake[2]: *** Waiting for unfinished jobs....
[2.404s] In file included from [01m[K/home/cao/ros2ws/src/hapthexa_dxl_servo/dynamixel_workbench_toolbox/../include/dynamixel_workbench_toolbox/dynamixel_workbench.h:22[m[K,
[2.404s]                  from [01m[K/home/cao/ros2ws/src/hapthexa_dxl_servo/dynamixel_workbench_toolbox/dynamixel_workbench.cpp:19[m[K:
[2.405s] [01m[K/home/cao/ros2ws/src/hapthexa_dxl_servo/dynamixel_workbench_toolbox/../include/dynamixel_workbench_toolbox/dynamixel_driver.h:29:12:[m[K [01;31m[Kfatal error: [m[Kdynamixel_sdk/dynamixel_sdk.h: No such file or directory
[2.405s]    29 |   #include [01;31m[K"dynamixel_sdk/dynamixel_sdk.h"[m[K
[2.405s]       |            [01;31m[K^~~~~~~~~~~~~~~~~~~~~~~~~~~~~~~[m[K
[2.405s] compilation terminated.
[2.407s] gmake[2]: *** [CMakeFiles/dynamixel_workbench.dir/build.make:118: CMakeFiles/dynamixel_workbench.dir/dynamixel_workbench_toolbox/dynamixel_workbench.cpp.o] Error 1
[2.477s] gmake[1]: *** [CMakeFiles/Makefile2:139: CMakeFiles/dynamixel_workbench.dir/all] Error 2
[2.478s] gmake: *** [Makefile:146: all] Error 2
[2.482s] Invoked command in '/home/cao/ros2ws/build/hapthexa_dxl_servo' returned '2': AMENT_PREFIX_PATH=/home/cao/ros2ws/install/hapthexa_msgs:${AMENT_PREFIX_PATH} CMAKE_PREFIX_PATH=/home/cao/ros2ws/install/hapthexa_msgs:/opt/ros/jazzy/opt/gz_math_vendor:/opt/ros/jazzy/opt/gz_utils_vendor:/opt/ros/jazzy/opt/gz_cmake_vendor:/opt/ros/jazzy DEBUGINFOD_URLS=https://debuginfod.ubuntu.com LD_LIBRARY_PATH=/home/cao/ros2ws/install/hapthexa_msgs/lib:${LD_LIBRARY_PATH} PYTHONPATH=/home/cao/ros2ws/install/hapthexa_msgs/lib/python3.12/site-packages:${PYTHONPATH} /usr/bin/cmake --build /home/cao/ros2ws/build/hapthexa_dxl_servo -- -j4 -l4
