[ 33%] [32mBuilding CXX object CMakeFiles/hapthexa_sim.dir/src/ODE.cpp.o[0m
[ 66%] [32mBuilding CXX object CMakeFiles/hapthexa_sim.dir/src/hapthexa_sim.cpp.o[0m
In file included from [01m[K/home/cao/ros2ws/src/hapthexa_ode_simulator/src/ODE.cpp:2[m[K:
[01m[K/home/cao/ros2ws/src/hapthexa_ode_simulator/include/ODE.h:4:10:[m[K [01;31m[Kfatal error: [m[Kode/ode.h: No such file or directory
    4 | #include [01;31m[K<ode/ode.h>[m[K
      |          [01;31m[K^~~~~~~~~~~[m[K
compilation terminated.
gmake[2]: *** [CMakeFiles/hapthexa_sim.dir/build.make:90: CMakeFiles/hapthexa_sim.dir/src/ODE.cpp.o] Error 1
gmake[2]: *** Waiting for unfinished jobs....
In file included from [01m[K/home/cao/ros2ws/src/hapthexa_ode_simulator/src/hapthexa_sim.cpp:10[m[K:
[01m[K/home/cao/ros2ws/src/hapthexa_ode_simulator/include/ODE.h:4:10:[m[K [01;31m[Kfatal error: [m[Kode/ode.h: No such file or directory
    4 | #include [01;31m[K<ode/ode.h>[m[K
      |          [01;31m[K^~~~~~~~~~~[m[K
compilation terminated.
gmake[2]: *** [CMakeFiles/hapthexa_sim.dir/build.make:76: CMakeFiles/hapthexa_sim.dir/src/hapthexa_sim.cpp.o] Error 1
gmake[1]: *** [CMakeFiles/Makefile2:137: CMakeFiles/hapthexa_sim.dir/all] Error 2
gmake: *** [Makefile:146: all] Error 2
