[0.022s] Invoking command in '/home/cao/ros2ws/build/hapthexa_ode_simulator': AMENT_PREFIX_PATH=/home/cao/ros2ws/install/hapthexa_msgs:${AMENT_PREFIX_PATH} CMAKE_PREFIX_PATH=/home/cao/ros2ws/install/hapthexa_msgs:/opt/ros/jazzy/opt/gz_math_vendor:/opt/ros/jazzy/opt/gz_utils_vendor:/opt/ros/jazzy/opt/gz_cmake_vendor:/opt/ros/jazzy DEBUGINFOD_URLS=https://debuginfod.ubuntu.com LD_LIBRARY_PATH=/home/cao/ros2ws/install/hapthexa_msgs/lib:${LD_LIBRARY_PATH} PYTHONPATH=/home/cao/ros2ws/install/hapthexa_msgs/lib/python3.12/site-packages:${PYTHONPATH} /usr/bin/cmake --build /home/cao/ros2ws/build/hapthexa_ode_simulator -- -j4 -l4
[0.135s] [ 33%] [32mBuilding CXX object CMakeFiles/hapthexa_sim.dir/src/ODE.cpp.o[0m
[0.147s] [ 66%] [32mBuilding CXX object CMakeFiles/hapthexa_sim.dir/src/hapthexa_sim.cpp.o[0m
[0.159s] In file included from [01m[K/home/cao/ros2ws/src/hapthexa_ode_simulator/src/ODE.cpp:2[m[K:
[0.159s] [01m[K/home/cao/ros2ws/src/hapthexa_ode_simulator/include/ODE.h:4:10:[m[K [01;31m[Kfatal error: [m[Kode/ode.h: No such file or directory
[0.159s]     4 | #include [01;31m[K<ode/ode.h>[m[K
[0.159s]       |          [01;31m[K^~~~~~~~~~~[m[K
[0.159s] compilation terminated.
[0.160s] gmake[2]: *** [CMakeFiles/hapthexa_sim.dir/build.make:90: CMakeFiles/hapthexa_sim.dir/src/ODE.cpp.o] Error 1
[0.160s] gmake[2]: *** Waiting for unfinished jobs....
[0.624s] In file included from [01m[K/home/cao/ros2ws/src/hapthexa_ode_simulator/src/hapthexa_sim.cpp:10[m[K:
[0.625s] [01m[K/home/cao/ros2ws/src/hapthexa_ode_simulator/include/ODE.h:4:10:[m[K [01;31m[Kfatal error: [m[Kode/ode.h: No such file or directory
[0.625s]     4 | #include [01;31m[K<ode/ode.h>[m[K
[0.625s]       |          [01;31m[K^~~~~~~~~~~[m[K
[0.625s] compilation terminated.
[0.632s] gmake[2]: *** [CMakeFiles/hapthexa_sim.dir/build.make:76: CMakeFiles/hapthexa_sim.dir/src/hapthexa_sim.cpp.o] Error 1
[0.633s] gmake[1]: *** [CMakeFiles/Makefile2:137: CMakeFiles/hapthexa_sim.dir/all] Error 2
[0.635s] gmake: *** [Makefile:146: all] Error 2
[0.637s] Invoked command in '/home/cao/ros2ws/build/hapthexa_ode_simulator' returned '2': AMENT_PREFIX_PATH=/home/cao/ros2ws/install/hapthexa_msgs:${AMENT_PREFIX_PATH} CMAKE_PREFIX_PATH=/home/cao/ros2ws/install/hapthexa_msgs:/opt/ros/jazzy/opt/gz_math_vendor:/opt/ros/jazzy/opt/gz_utils_vendor:/opt/ros/jazzy/opt/gz_cmake_vendor:/opt/ros/jazzy DEBUGINFOD_URLS=https://debuginfod.ubuntu.com LD_LIBRARY_PATH=/home/cao/ros2ws/install/hapthexa_msgs/lib:${LD_LIBRARY_PATH} PYTHONPATH=/home/cao/ros2ws/install/hapthexa_msgs/lib/python3.12/site-packages:${PYTHONPATH} /usr/bin/cmake --build /home/cao/ros2ws/build/hapthexa_ode_simulator -- -j4 -l4
