[0.038s] Invoking command in '/home/cao/ros2ws/build/hapthexa_main': CMAKE_PREFIX_PATH=/home/cao/ros2ws/install/hapthexa_msgs:/home/cao/ros2ws/install/hapthexa_main:/home/cao/ros2ws/install/hapthexa_dxl_servo:/opt/ros/jazzy/opt/gz_math_vendor:/opt/ros/jazzy/opt/gz_utils_vendor:/opt/ros/jazzy/opt/gz_cmake_vendor:/opt/ros/jazzy DEBUGINFOD_URLS=https://debuginfod.ubuntu.com /usr/bin/cmake --build /home/cao/ros2ws/build/hapthexa_main -- -j4 -l4
[0.367s] [ 50%] [32mBuilding CXX object CMakeFiles/hapthexa_leg.dir/src/hapthexa_leg.cpp.o[0m
[17.516s] [01m[K/home/cao/ros2ws/src/hapthexa_main/src/hapthexa_leg.cpp:[m[K In member function â€˜[01m[Kvoid HaptHexaLeg::[01;32m[Kspin[m[K()[m[Kâ€™:
[17.521s] [01m[K/home/cao/ros2ws/src/hapthexa_main/src/hapthexa_leg.cpp:149:42:[m[K [01;31m[Kerror: [m[Kexpected initializer before â€˜[01m[K<<[m[Kâ€™ token
[17.521s]   149 |             Eigen::Vector3d now_position [01;31m[K<<[m[K present_leg_position_.x, present_leg_position_.y, present_leg_position_.z
[17.522s]       |                                          [01;31m[K^~[m[K
[17.568s] In file included from [01m[K/opt/ros/jazzy/include/rclcpp/rclcpp/logging.hpp:24[m[K,
[17.569s]                  from [01m[K/opt/ros/jazzy/include/rclcpp/rclcpp/copy_all_parameter_values.hpp:27[m[K,
[17.571s]                  from [01m[K/opt/ros/jazzy/include/rclcpp/rclcpp/rclcpp.hpp:171[m[K,
[17.572s]                  from [01m[K/home/cao/ros2ws/src/hapthexa_main/src/hapthexa_leg.cpp:2[m[K:
[17.572s] [01m[K/home/cao/ros2ws/src/hapthexa_main/src/hapthexa_leg.cpp:151:51:[m[K [01;31m[Kerror: [m[Kâ€˜[01m[Kdiff[m[Kâ€™ was not declared in this scope
[17.572s]   151 |             RCLCPP_INFO(this->get_logger(), "%lf",[01;31m[Kdiff[m[K.norm());
[17.576s]       |                                                   [01;31m[K^~~~[m[K
[31.033s] gmake[2]: *** [CMakeFiles/hapthexa_leg.dir/build.make:76: CMakeFiles/hapthexa_leg.dir/src/hapthexa_leg.cpp.o] Error 1
[31.034s] gmake[1]: *** [CMakeFiles/Makefile2:137: CMakeFiles/hapthexa_leg.dir/all] Error 2
[31.034s] gmake: *** [Makefile:146: all] Error 2
[31.037s] Invoked command in '/home/cao/ros2ws/build/hapthexa_main' returned '2': CMAKE_PREFIX_PATH=/home/cao/ros2ws/install/hapthexa_msgs:/home/cao/ros2ws/install/hapthexa_main:/home/cao/ros2ws/install/hapthexa_dxl_servo:/opt/ros/jazzy/opt/gz_math_vendor:/opt/ros/jazzy/opt/gz_utils_vendor:/opt/ros/jazzy/opt/gz_cmake_vendor:/opt/ros/jazzy DEBUGINFOD_URLS=https://debuginfod.ubuntu.com /usr/bin/cmake --build /home/cao/ros2ws/build/hapthexa_main -- -j4 -l4
